 ACBEFHG
 ABCDEFG

     A B C D E F G
   ← ← ← ← ← ← ← ←
A  ↑ ↖ ← ← ← ← ← ←
C  ↑ ↑ ↖ ↖ ← ← ← ←
B  ↑ ↑ ↖ ↖ ↖ ↖ ↖ ↖
E  ↑ ↑ ↑ ↖ ↖ ↖ ← ←
F  ↑ ↑ ↑ ↖ ↖ ↑ ↖ ←
H  ↑ ↑ ↑ ↖ ↖ ↖ ↑ ↖
G  ↑ ↑ ↑ ↖ ↖ ↖ ↑ ↖

     A B C D E F G
   0 1 2 3 4 5 6 7
A  1 0 1 2 3 4 5 6
C  2 1 1 1 2 3 4 5
B  3 2 1 2 2 3 4 5
E  4 3 2 2 3 2 3 4
F  5 4 3 3 3 3 2 3
H  6 5 4 4 4 4 3 3
G  7 6 5 5 5 5 4 3

3
0 2 0 1 0 0 3 0 
0.  ACBEFHG
result[i]:0  |ACBEFHG
result[i]:2  A|CBEFHG
1.  ABCBEFHG
result[i]:0  AB|CBEFHG
result[i]:1  ABC|BEFHG
2.  ABCDEFHG
result[i]:0  ABCD|EFHG
result[i]:0  ABCDE|FHG
result[i]:3  ABCDEF|HG
3.  ABCDEFG
result[i]:0  ABCDEFG
